2025-08-09 05:41:17,153 - INFO - === 自動トークン更新開始 ===
2025-08-09 05:41:17,154 - INFO - 設定ファイルを読み込みました
2025-08-09 05:41:17,154 - INFO - クライアントID: 1000.YN0LA...
2025-08-09 05:41:17,154 - INFO - 組織ID: 772044231
2025-08-09 05:41:17,154 - INFO - トークンファイルを読み込みました
2025-08-09 05:41:17,154 - INFO - リフレッシュトークン: 1000.8177b...
2025-08-09 05:41:17,154 - INFO - アクセストークンが期限切れまたは間もなく期限切れです
2025-08-09 05:41:17,154 - INFO - アクセストークンを更新中...
2025-08-09 05:41:17,511 - INFO - アクセストークンの更新が完了しました
2025-08-09 05:41:17,512 - INFO - トークンファイルをバックアップしました: 01_Zoho_API/設定ファイル/zoho_tokens.json.backup
2025-08-09 05:41:17,514 - INFO - トークンを保存しました: 01_Zoho_API/設定ファイル/zoho_tokens.json
2025-08-09 05:41:17,514 - INFO - タイムスタンプ付きファイルを作成: 01_Zoho_API/認証・トークン/zoho_tokens_updated_20250809_054117.json
2025-08-09 05:41:17,515 - INFO - 環境変数を更新しました
2025-08-09 05:41:17,515 - INFO - === 自動トークン更新完了 ===
2025-08-09 05:41:17,515 - INFO - トークンファイルを読み込みました
2025-08-09 05:41:17,515 - INFO - アクセストークンは有効です（残り時間: 0:59:59.996235
2025-08-09 05:41:20,435 - INFO - === 自動トークン更新開始 ===
2025-08-09 05:41:20,435 - INFO - 設定ファイルを読み込みました
2025-08-09 05:41:20,435 - INFO - クライアントID: 1000.YN0LA...
2025-08-09 05:41:20,435 - INFO - 組織ID: 772044231
2025-08-09 05:41:20,435 - INFO - トークンファイルを読み込みました
2025-08-09 05:41:20,435 - INFO - リフレッシュトークン: 1000.8177b...
2025-08-09 05:41:20,435 - INFO - アクセストークンは有効です（残り時間: 0:59:57.076394
2025-08-09 05:41:20,435 - INFO - アクセストークンは有効です。更新は不要です。
2025-08-09 05:41:20,435 - INFO - 環境変数を更新しました
2025-08-09 05:41:20,435 - INFO - トークンファイルを読み込みました
2025-08-09 05:41:20,435 - INFO - アクセストークンは有効です（残り時間: 0:59:57.076124
2025-08-09 05:41:23,352 - INFO - === 自動トークン更新開始 ===
2025-08-09 05:41:23,352 - INFO - 設定ファイルを読み込みました
2025-08-09 05:41:23,352 - INFO - クライアントID: 1000.YN0LA...
2025-08-09 05:41:23,352 - INFO - 組織ID: 772044231
2025-08-09 05:41:23,352 - INFO - トークンファイルを読み込みました
2025-08-09 05:41:23,352 - INFO - リフレッシュトークン: 1000.8177b...
2025-08-09 05:41:23,352 - INFO - アクセストークンは有効です（残り時間: 0:59:54.159371
2025-08-09 05:41:23,352 - INFO - アクセストークンは有効です。更新は不要です。
2025-08-09 05:41:23,352 - INFO - 環境変数を更新しました
2025-08-09 05:41:23,352 - INFO - トークンファイルを読み込みました
2025-08-09 05:41:23,352 - INFO - アクセストークンは有効です（残り時間: 0:59:54.159119
2025-08-09 05:41:23,352 - INFO - 設定ファイルを読み込みました
2025-08-09 05:41:23,352 - INFO - トークンファイルを読み込みました
2025-08-09 05:41:23,352 - INFO - アクセストークンは有効です（残り時間: 0:59:54.158986
2025-08-09 05:41:23,352 - INFO - トークンファイルを読み込みました
2025-08-09 05:41:23,352 - INFO - アクセストークンは有効です（残り時間: 0:59:54.158908
2025-08-09 05:41:24,016 - INFO - トークンファイルを読み込みました
2025-08-09 05:41:24,016 - INFO - アクセストークンは有効です（残り時間: 0:59:53.495589
2025-08-09 05:51:31,913 - INFO - === 自動トークン更新開始 ===
2025-08-09 05:51:31,914 - INFO - 設定ファイルを読み込みました
2025-08-09 05:51:31,914 - INFO - クライアントID: 1000.YN0LA...
2025-08-09 05:51:31,914 - INFO - 組織ID: 772044231
2025-08-09 05:51:31,914 - INFO - トークンファイルを読み込みました
2025-08-09 05:51:31,914 - INFO - リフレッシュトークン: 1000.8177b...
2025-08-09 05:51:31,914 - INFO - アクセストークンは有効です（残り時間: 0:49:45.597170
2025-08-09 05:51:31,914 - INFO - アクセストークンは有効です。更新は不要です。
2025-08-09 05:51:31,915 - INFO - 環境変数を更新しました
2025-08-09 05:51:31,915 - INFO - トークンファイルを読み込みました
2025-08-09 05:51:31,915 - INFO - アクセストークンは有効です（残り時間: 0:49:45.596579
